<testng-results>
  <reporter-output>
  </reporter-output>
  <suite name="My Sample Suite" duration-ms="154" started-at="2015-05-31T12:40:33Z" finished-at="2015-05-31T12:40:33Z">
    <groups>
    </groups>
    <test name="Yahoo test" duration-ms="11" started-at="2015-05-31T12:40:33Z" finished-at="2015-05-31T12:40:33Z">
      <class name="test.YahooTest_1">
        <test-method status="SKIP" signature="beforeTest()" name="beforeTest" is-config="true" duration-ms="0" started-at="2015-05-31T12:40:33Z" finished-at="2015-05-31T12:40:33Z">
          <exception class="org.testng.SkipException">
            <message>
              <![CDATA[Test has been skipped]]>
            </message>
            <full-stacktrace>
              <![CDATA[org.testng.SkipException: Test has been skipped
	at test.YahooTest_1.beforeTest(YahooTest_1.java:27)
	at sun.reflect.NativeMethodAccessorImpl.invoke0(Native Method)
	at sun.reflect.NativeMethodAccessorImpl.invoke(NativeMethodAccessorImpl.java:62)
	at sun.reflect.DelegatingMethodAccessorImpl.invoke(DelegatingMethodAccessorImpl.java:43)
	at java.lang.reflect.Method.invoke(Method.java:497)
	at org.testng.internal.MethodInvocationHelper.invokeMethod(MethodInvocationHelper.java:74)
	at org.testng.internal.Invoker.invokeConfigurationMethod(Invoker.java:525)
	at org.testng.internal.Invoker.invokeConfigurations(Invoker.java:202)
	at org.testng.internal.Invoker.invokeConfigurations(Invoker.java:130)
	at org.testng.TestRunner.beforeRun(TestRunner.java:624)
	at org.testng.TestRunner.run(TestRunner.java:592)
	at org.testng.SuiteRunner.runTest(SuiteRunner.java:317)
	at org.testng.SuiteRunner.runSequentially(SuiteRunner.java:312)
	at org.testng.SuiteRunner.privateRun(SuiteRunner.java:274)
	at org.testng.SuiteRunner.run(SuiteRunner.java:223)
	at org.testng.SuiteRunnerWorker.runSuite(SuiteRunnerWorker.java:52)
	at org.testng.SuiteRunnerWorker.run(SuiteRunnerWorker.java:86)
	at org.testng.TestNG.runSuitesSequentially(TestNG.java:965)
	at org.testng.TestNG.runSuitesLocally(TestNG.java:890)
	at org.testng.TestNG.run(TestNG.java:824)
	at org.testng.TestNG.privateMain(TestNG.java:1128)
	at org.testng.TestNG.main(TestNG.java:1092)
]]>
            </full-stacktrace>
          </exception>
        </test-method>
        <test-method status="SKIP" signature="beforeMethod()" name="beforeMethod" is-config="true" duration-ms="0" started-at="2015-05-31T12:40:33Z" finished-at="2015-05-31T12:40:33Z">
        </test-method>
        <test-method status="SKIP" signature="readMail()" name="readMail" duration-ms="1" started-at="2015-05-31T12:40:33Z" finished-at="2015-05-31T12:40:33Z">
        </test-method>
        <test-method status="SKIP" signature="sendMail()" name="sendMail" duration-ms="0" started-at="2015-05-31T12:40:33Z" finished-at="2015-05-31T12:40:33Z">
        </test-method>
        <test-method status="SKIP" signature="beforeMethod()" name="beforeMethod" is-config="true" duration-ms="0" started-at="2015-05-31T12:40:33Z" finished-at="2015-05-31T12:40:33Z">
        </test-method>
      </class>
    </test>
    <test name="Application Login" duration-ms="5" started-at="2015-05-31T12:40:33Z" finished-at="2015-05-31T12:40:33Z">
      <class name="test.YahooNewsTest_2">
        <test-method status="PASS" signature="beforeTest()" name="beforeTest" is-config="true" duration-ms="0" started-at="2015-05-31T12:40:33Z" finished-at="2015-05-31T12:40:33Z">
        </test-method>
        <test-method status="PASS" signature="ReadNews()" name="ReadNews" duration-ms="3" started-at="2015-05-31T12:40:33Z" finished-at="2015-05-31T12:40:33Z">
        </test-method>
        <test-method status="PASS" signature="afterTest()" name="afterTest" is-config="true" duration-ms="1" started-at="2015-05-31T12:40:33Z" finished-at="2015-05-31T12:40:33Z">
        </test-method>
      </class>
    </test>
    <test name="Yahoo Reg" duration-ms="8" started-at="2015-05-31T12:40:33Z" finished-at="2015-05-31T12:40:33Z">
      <class name="test.YahooRegistration_3">
        <test-method status="PASS" signature="regUsr(java.lang.String, java.lang.String, java.lang.String, java.lang.String)" name="regUsr" duration-ms="1" started-at="2015-05-31T12:40:33Z" finished-at="2015-05-31T12:40:33Z">
          <params>
            <param index="0">
              <value>
                <![CDATA[user1]]>
              </value>
            </param>
            <param index="1">
              <value>
                <![CDATA[pw1]]>
              </value>
            </param>
            <param index="2">
              <value>
                <![CDATA[Bang]]>
              </value>
            </param>
            <param index="3">
              <value>
                <![CDATA[Karnataka]]>
              </value>
            </param>
          </params>
        </test-method>
        <test-method status="PASS" signature="regUsr(java.lang.String, java.lang.String, java.lang.String, java.lang.String)" name="regUsr" duration-ms="2" started-at="2015-05-31T12:40:33Z" finished-at="2015-05-31T12:40:33Z">
          <params>
            <param index="0">
              <value>
                <![CDATA[user2]]>
              </value>
            </param>
            <param index="1">
              <value>
                <![CDATA[pw2]]>
              </value>
            </param>
            <param index="2">
              <value>
                <![CDATA[Bang2]]>
              </value>
            </param>
            <param index="3">
              <value>
                <![CDATA[Karnataka2]]>
              </value>
            </param>
          </params>
        </test-method>
        <test-method status="PASS" signature="regUsr(java.lang.String, java.lang.String, java.lang.String, java.lang.String)" name="regUsr" duration-ms="1" started-at="2015-05-31T12:40:33Z" finished-at="2015-05-31T12:40:33Z">
          <params>
            <param index="0">
              <value>
                <![CDATA[user3]]>
              </value>
            </param>
            <param index="1">
              <value>
                <![CDATA[pw3]]>
              </value>
            </param>
            <param index="2">
              <value>
                <![CDATA[Bang3]]>
              </value>
            </param>
            <param index="3">
              <value>
                <![CDATA[Karnataka3]]>
              </value>
            </param>
          </params>
        </test-method>
      </class>
      <class name="test.YahooNewsTest_2">
        <test-method status="PASS" signature="beforeSuite()" name="beforeSuite" is-config="true" duration-ms="14" started-at="2015-05-31T12:40:33Z" finished-at="2015-05-31T12:40:33Z">
        </test-method>
        <test-method status="PASS" signature="afterSuite()" name="afterSuite" is-config="true" duration-ms="1" started-at="2015-05-31T12:40:33Z" finished-at="2015-05-31T12:40:33Z">
        </test-method>
      </class>
    </test>
  </suite>
</testng-results>
